dalvik-explorer3.9/app/build/intermediates/manifest_merge_blame_file/debug/manifest-merger-blame-debug-report.txt
1<?xml version="1.0" encoding="utf-8"?>
2<manifest xmlns:android="http://schemas.android.com/apk/res/android"
3    package="org.jessies.dalvikexplorer"
4    android:versionCode="39"
5    android:versionName="3.9" >
6
7    <uses-permission android:name="android.permission.USE_CREDENTIALS" />
7-->src\main\AndroidManifest.xml:4:5-74
7-->src\main\AndroidManifest.xml:4:22-71
8    <uses-permission android:name="android.permission.GET_ACCOUNTS" />
8-->src\main\AndroidManifest.xml:5:5-71
8-->src\main\AndroidManifest.xml:5:22-68
9    <uses-permission android:name="android.permission.READ_PROFILE" />
9-->src\main\AndroidManifest.xml:6:5-71
9-->src\main\AndroidManifest.xml:6:22-68
10    <uses-permission android:name="android.permission.READ_CONTACTS" />
10-->src\main\AndroidManifest.xml:7:5-72
10-->src\main\AndroidManifest.xml:7:22-69
11    <uses-permission android:name="android.permission.WRITE_EXTERNAL_STORAGE" />
11-->src\main\AndroidManifest.xml:8:5-80
11-->src\main\AndroidManifest.xml:8:22-78
12
13    <uses-feature
13-->src\main\AndroidManifest.xml:10:5-90
14        android:name="android.hardware.touchscreen"
14-->src\main\AndroidManifest.xml:10:19-62
15        android:required="false" />
15-->src\main\AndroidManifest.xml:10:63-87
16
17    <instrumentation
17-->src\main\AndroidManifest.xml:43:5-47:61
18        android:name="org.jessies.dalvikexplorer.test.JacocoInstrumentation"
18-->src\main\AndroidManifest.xml:46:9-77
19        android:handleProfiling="true"
19-->src\main\AndroidManifest.xml:44:9-39
20        android:label="CoverageInstrumentation"
20-->src\main\AndroidManifest.xml:45:9-48
21        android:targetPackage="org.jessies.dalvikexplorer" />
21-->src\main\AndroidManifest.xml:47:9-59
22    <!-- for GoogleTV -->
23    <application
23-->src\main\AndroidManifest.xml:11:5-42:19
24        android:allowBackup="true"
24-->src\main\AndroidManifest.xml:11:114-140
25        android:debuggable="true"
26        android:icon="@drawable/icon"
26-->src\main\AndroidManifest.xml:11:51-80
27        android:label="@string/app_name"
27-->src\main\AndroidManifest.xml:11:18-50
28        android:theme="@style/Theme.App" >
28-->src\main\AndroidManifest.xml:11:81-113
29        <activity
29-->src\main\AndroidManifest.xml:12:9-17:20
30            android:name="org.jessies.dalvikexplorer.DalvikExplorerActivity"
30-->src\main\AndroidManifest.xml:12:19-56
31            android:label="@string/app_name" >
31-->src\main\AndroidManifest.xml:12:57-89
32            <intent-filter>
32-->src\main\AndroidManifest.xml:13:13-16:29
33                <action android:name="android.intent.action.MAIN" />
33-->src\main\AndroidManifest.xml:14:17-69
33-->src\main\AndroidManifest.xml:14:25-66
34
35                <category android:name="android.intent.category.LAUNCHER" />
35-->src\main\AndroidManifest.xml:15:17-77
35-->src\main\AndroidManifest.xml:15:27-74
36            </intent-filter>
37        </activity>
38
39        <receiver
39-->src\main\AndroidManifest.xml:19:9-24:20
40            android:name="org.jessies.dalvikexplorer.BuildWidget"
40-->src\main\AndroidManifest.xml:19:19-46
41            android:label="Build Widget" >
41-->src\main\AndroidManifest.xml:19:47-75
42            <intent-filter>
42-->src\main\AndroidManifest.xml:20:13-22:29
43                <action android:name="android.appwidget.action.APPWIDGET_UPDATE" />
43-->src\main\AndroidManifest.xml:21:17-84
43-->src\main\AndroidManifest.xml:21:25-81
44            </intent-filter>
45
46            <meta-data
46-->src\main\AndroidManifest.xml:23:13-119
47                android:name="android.appwidget.provider"
47-->src\main\AndroidManifest.xml:23:24-65
48                android:resource="@xml/build_widget_provider_info" />
48-->src\main\AndroidManifest.xml:23:66-116
49        </receiver>
50
51        <activity android:name="org.jessies.dalvikexplorer.BuildActivity" />
51-->src\main\AndroidManifest.xml:26:9-51
51-->src\main\AndroidManifest.xml:26:19-48
52        <activity android:name="org.jessies.dalvikexplorer.CharsetsActivity" />
52-->src\main\AndroidManifest.xml:27:9-54
52-->src\main\AndroidManifest.xml:27:19-51
53        <activity android:name="org.jessies.dalvikexplorer.CharsetActivity" />
53-->src\main\AndroidManifest.xml:28:9-53
53-->src\main\AndroidManifest.xml:28:19-50
54        <activity android:name="org.jessies.dalvikexplorer.DeviceActivity" />
54-->src\main\AndroidManifest.xml:29:9-52
54-->src\main\AndroidManifest.xml:29:19-49
55        <activity android:name="org.jessies.dalvikexplorer.EnvironmentVariablesActivity" />
55-->src\main\AndroidManifest.xml:30:9-66
55-->src\main\AndroidManifest.xml:30:19-63
56        <activity android:name="org.jessies.dalvikexplorer.FileSystemsActivity" />
56-->src\main\AndroidManifest.xml:31:9-57
56-->src\main\AndroidManifest.xml:31:19-54
57        <activity android:name="org.jessies.dalvikexplorer.FileSystemActivity" />
57-->src\main\AndroidManifest.xml:32:9-56
57-->src\main\AndroidManifest.xml:32:19-53
58        <activity android:name="org.jessies.dalvikexplorer.FileViewerActivity" />
58-->src\main\AndroidManifest.xml:33:9-56
58-->src\main\AndroidManifest.xml:33:19-53
59        <activity android:name="org.jessies.dalvikexplorer.LocalesActivity" />
59-->src\main\AndroidManifest.xml:34:9-53
59-->src\main\AndroidManifest.xml:34:19-50
60        <activity android:name="org.jessies.dalvikexplorer.LocaleCountriesActivity" />
60-->src\main\AndroidManifest.xml:35:9-61
60-->src\main\AndroidManifest.xml:35:19-58
61        <activity android:name="org.jessies.dalvikexplorer.LocaleActivity" />
61-->src\main\AndroidManifest.xml:36:9-52
61-->src\main\AndroidManifest.xml:36:19-49
62        <activity android:name="org.jessies.dalvikexplorer.SensorsActivity" />
62-->src\main\AndroidManifest.xml:37:9-53
62-->src\main\AndroidManifest.xml:37:19-50
63        <activity android:name="org.jessies.dalvikexplorer.SystemPropertiesActivity" />
63-->src\main\AndroidManifest.xml:38:9-62
63-->src\main\AndroidManifest.xml:38:19-59
64        <activity android:name="org.jessies.dalvikexplorer.TimeZonesActivity" />
64-->src\main\AndroidManifest.xml:39:9-55
64-->src\main\AndroidManifest.xml:39:19-52
65        <activity android:name="org.jessies.dalvikexplorer.TimeZoneActivity" />
65-->src\main\AndroidManifest.xml:40:9-54
65-->src\main\AndroidManifest.xml:40:19-51
66        <activity
66-->src\main\AndroidManifest.xml:41:9-129
67            android:name="org.jessies.dalvikexplorer.test.InstrumentedActivity"
67-->src\main\AndroidManifest.xml:41:59-126
68            android:label="InstrumentationActivity" />
68-->src\main\AndroidManifest.xml:41:19-58
69    </application>
70
71</manifest>